c:\wamp2\server\server\debug\server.pch
c:\wamp2\server\server\debug\vc140.pdb
c:\wamp2\server\server\debug\vc140.idb
c:\wamp2\server\server\debug\stdafx.obj
c:\wamp2\server\server\debug\fact.obj
c:\wamp2\server\server\debug\misc.obj
c:\wamp2\server\server\debug\parserlexer.obj
c:\wamp2\server\server\debug\project.obj
c:\wamp2\server\server\debug\question.obj
c:\wamp2\server\server\debug\server.obj
c:\wamp2\server\server\debug\send_mail.obj
c:\wamp2\server\server\debug\person.obj
c:\wamp2\server\debug\server.ilk
c:\wamp2\server\debug\server.exe
c:\wamp2\server\debug\server.pdb
c:\wamp2\server\server\debug\nativecodeanalysis.read.1.tlog
c:\wamp2\server\server\debug\server.nativecodeanalysis.xml
c:\wamp2\server\server\debug\stdafx.nativecodeanalysis.xml
c:\wamp2\server\server\debug\vc.nativecodeanalysis.all.xml
c:\wamp2\server\debug\server.exe.lastcodeanalysissucceeded
c:\wamp2\server\server\debug\server.tlog\cl.command.1.tlog
c:\wamp2\server\server\debug\server.tlog\cl.read.1.tlog
c:\wamp2\server\server\debug\server.tlog\cl.write.1.tlog
c:\wamp2\server\server\debug\server.tlog\link.command.1.tlog
c:\wamp2\server\server\debug\server.tlog\link.read.1.tlog
c:\wamp2\server\server\debug\server.tlog\link.write.1.tlog
